<?xml version="1.0" encoding="utf-8" standalone="no"?>
<test-run id="2" testcasecount="144" result="Passed" total="144" passed="144" failed="0" inconclusive="0" skipped="0" asserts="144" engine-version="3.5.0.0" clr-version="4.0.30319.42000" start-time="2016-12-16 02:37:40Z" end-time="2016-12-16 02:39:12Z" duration="92.150595">
  <command-line><![CDATA["C:\Users\Ajiemar Santiago\Documents\_Projects\IBM\dot-net-sdk\Test/packages/NUnit.ConsoleRunner.3.5.0/tools/nunit3-console.exe" Test/Test/bin/Release/Test.dll --result=reports/TestResults.xml]]></command-line>
  <test-suite type="Assembly" id="0-1157" name="Test.dll" fullname="C:\Users\Ajiemar Santiago\Documents\_Projects\IBM\dot-net-sdk\Test\Test\bin\Release\Test.dll" runstate="Runnable" testcasecount="144" result="Passed" start-time="2016-12-16 02:37:40Z" end-time="2016-12-16 02:39:12Z" duration="92.030167" total="144" passed="144" failed="0" inconclusive="0" skipped="0" asserts="144">
    <environment framework-version="3.5.0.0" clr-version="4.0.30319.42000" os-version="Microsoft Windows NT 10.0.14393.0" platform="Win32NT" cwd="C:\Users\Ajiemar Santiago\Documents\_Projects\IBM\dot-net-sdk" machine-name="DOOM" user="Ajiemar Santiago" user-domain="DOOM" culture="en-US" uiculture="en-US" os-architecture="x64" />
    <settings>
      <setting name="DisposeRunners" value="True" />
      <setting name="WorkDirectory" value="C:\Users\Ajiemar Santiago\Documents\_Projects\IBM\dot-net-sdk" />
      <setting name="ImageRuntimeVersion" value="4.0.30319" />
      <setting name="ImageTargetFrameworkName" value=".NETFramework,Version=v4.5.2" />
      <setting name="ImageRequiresX86" value="False" />
      <setting name="ImageRequiresDefaultAppDomainAssemblyResolver" value="False" />
      <setting name="NumberOfTestWorkers" value="8" />
    </settings>
    <properties>
      <property name="_PID" value="21164" />
      <property name="_APPDOMAIN" value="test-domain-" />
    </properties>
    <test-suite type="TestSuite" id="0-1158" name="sdk" fullname="sdk" runstate="Runnable" testcasecount="144" result="Passed" start-time="2016-12-16 02:37:40Z" end-time="2016-12-16 02:39:12Z" duration="92.016894" total="144" passed="144" failed="0" inconclusive="0" skipped="0" asserts="144">
      <test-suite type="TestSuite" id="0-1159" name="test" fullname="sdk.test" runstate="Runnable" testcasecount="144" result="Passed" start-time="2016-12-16 02:37:40Z" end-time="2016-12-16 02:39:12Z" duration="92.012897" total="144" passed="144" failed="0" inconclusive="0" skipped="0" asserts="144">
        <test-suite type="TestFixture" id="0-1020" name="TestAlchemyDataNews" fullname="sdk.test.TestAlchemyDataNews" classname="sdk.test.TestAlchemyDataNews" runstate="Runnable" testcasecount="1" result="Passed" start-time="2016-12-16 02:37:40Z" end-time="2016-12-16 02:37:41Z" duration="1.514297" total="1" passed="1" failed="0" inconclusive="0" skipped="0" asserts="1">
          <test-case id="0-1021" name="AlchemyAPI_TestDataNews" fullname="sdk.test.TestAlchemyDataNews.AlchemyAPI_TestDataNews" methodname="AlchemyAPI_TestDataNews" classname="sdk.test.TestAlchemyDataNews" runstate="Runnable" seed="553993958" result="Passed" start-time="2016-12-16 02:37:40Z" end-time="2016-12-16 02:37:41Z" duration="1.488957" asserts="1" />
        </test-suite>
        <test-suite type="TestFixture" id="0-1022" name="TestAlchemyLanguage" fullname="sdk.test.TestAlchemyLanguage" classname="sdk.test.TestAlchemyLanguage" runstate="Runnable" testcasecount="45" result="Passed" start-time="2016-12-16 02:37:41Z" end-time="2016-12-16 02:38:17Z" duration="35.853051" total="45" passed="45" failed="0" inconclusive="0" skipped="0" asserts="45">
          <test-case id="0-1037" name="AlchemyAPI_TestDetectFeeds" fullname="sdk.test.TestAlchemyLanguage.AlchemyAPI_TestDetectFeeds" methodname="AlchemyAPI_TestDetectFeeds" classname="sdk.test.TestAlchemyLanguage" runstate="Runnable" seed="1543442397" result="Passed" start-time="2016-12-16 02:37:41Z" end-time="2016-12-16 02:37:41Z" duration="0.252769" asserts="1" />
          <test-case id="0-1036" name="AlchemyAPI_TestExtractEntitiesHTML" fullname="sdk.test.TestAlchemyLanguage.AlchemyAPI_TestExtractEntitiesHTML" methodname="AlchemyAPI_TestExtractEntitiesHTML" classname="sdk.test.TestAlchemyLanguage" runstate="Runnable" seed="895458585" result="Passed" start-time="2016-12-16 02:37:41Z" end-time="2016-12-16 02:37:42Z" duration="0.869206" asserts="1" />
          <test-case id="0-1035" name="AlchemyAPI_TestExtractEntitiesText" fullname="sdk.test.TestAlchemyLanguage.AlchemyAPI_TestExtractEntitiesText" methodname="AlchemyAPI_TestExtractEntitiesText" classname="sdk.test.TestAlchemyLanguage" runstate="Runnable" seed="876364069" result="Passed" start-time="2016-12-16 02:37:42Z" end-time="2016-12-16 02:37:43Z" duration="0.543230" asserts="1" />
          <test-case id="0-1034" name="AlchemyAPI_TestExtractEntitiesURL" fullname="sdk.test.TestAlchemyLanguage.AlchemyAPI_TestExtractEntitiesURL" methodname="AlchemyAPI_TestExtractEntitiesURL" classname="sdk.test.TestAlchemyLanguage" runstate="Runnable" seed="62810289" result="Passed" start-time="2016-12-16 02:37:43Z" end-time="2016-12-16 02:37:44Z" duration="0.981536" asserts="1" />
          <test-case id="0-1040" name="AlchemyAPI_TestExtractKeywordsHTML" fullname="sdk.test.TestAlchemyLanguage.AlchemyAPI_TestExtractKeywordsHTML" methodname="AlchemyAPI_TestExtractKeywordsHTML" classname="sdk.test.TestAlchemyLanguage" runstate="Runnable" seed="263879167" result="Passed" start-time="2016-12-16 02:37:44Z" end-time="2016-12-16 02:37:44Z" duration="0.388077" asserts="1" />
          <test-case id="0-1039" name="AlchemyAPI_TestExtractKeywordsText" fullname="sdk.test.TestAlchemyLanguage.AlchemyAPI_TestExtractKeywordsText" methodname="AlchemyAPI_TestExtractKeywordsText" classname="sdk.test.TestAlchemyLanguage" runstate="Runnable" seed="271751277" result="Passed" start-time="2016-12-16 02:37:44Z" end-time="2016-12-16 02:37:45Z" duration="0.333808" asserts="1" />
          <test-case id="0-1038" name="AlchemyAPI_TestExtractKeywordsURL" fullname="sdk.test.TestAlchemyLanguage.AlchemyAPI_TestExtractKeywordsURL" methodname="AlchemyAPI_TestExtractKeywordsURL" classname="sdk.test.TestAlchemyLanguage" runstate="Runnable" seed="342248377" result="Passed" start-time="2016-12-16 02:37:45Z" end-time="2016-12-16 02:37:45Z" duration="0.828441" asserts="1" />
          <test-case id="0-1024" name="AlchemyAPI_TestGetAuthorsHTML" fullname="sdk.test.TestAlchemyLanguage.AlchemyAPI_TestGetAuthorsHTML" methodname="AlchemyAPI_TestGetAuthorsHTML" classname="sdk.test.TestAlchemyLanguage" runstate="Runnable" seed="405955762" result="Passed" start-time="2016-12-16 02:37:45Z" end-time="2016-12-16 02:37:46Z" duration="0.537186" asserts="1" />
          <test-case id="0-1023" name="AlchemyAPI_TestGetAuthorsURL" fullname="sdk.test.TestAlchemyLanguage.AlchemyAPI_TestGetAuthorsURL" methodname="AlchemyAPI_TestGetAuthorsURL" classname="sdk.test.TestAlchemyLanguage" runstate="Runnable" seed="290857310" result="Passed" start-time="2016-12-16 02:37:46Z" end-time="2016-12-16 02:37:47Z" duration="0.685410" asserts="1" />
          <test-case id="0-1067" name="AlchemyAPI_TestGetCombinedDataHTML" fullname="sdk.test.TestAlchemyLanguage.AlchemyAPI_TestGetCombinedDataHTML" methodname="AlchemyAPI_TestGetCombinedDataHTML" classname="sdk.test.TestAlchemyLanguage" runstate="Runnable" seed="2023537612" result="Passed" start-time="2016-12-16 02:37:47Z" end-time="2016-12-16 02:37:50Z" duration="3.234817" asserts="1" />
          <test-case id="0-1066" name="AlchemyAPI_TestGetCombinedDataText" fullname="sdk.test.TestAlchemyLanguage.AlchemyAPI_TestGetCombinedDataText" methodname="AlchemyAPI_TestGetCombinedDataText" classname="sdk.test.TestAlchemyLanguage" runstate="Runnable" seed="335747979" result="Passed" start-time="2016-12-16 02:37:50Z" end-time="2016-12-16 02:37:52Z" duration="2.023500" asserts="1" />
          <test-case id="0-1065" name="AlchemyAPI_TestGetCombinedDataURL" fullname="sdk.test.TestAlchemyLanguage.AlchemyAPI_TestGetCombinedDataURL" methodname="AlchemyAPI_TestGetCombinedDataURL" classname="sdk.test.TestAlchemyLanguage" runstate="Runnable" seed="312130900" result="Passed" start-time="2016-12-16 02:37:52Z" end-time="2016-12-16 02:37:54Z" duration="2.383231" asserts="1" />
          <test-case id="0-1030" name="AlchemyAPI_TestGetDatesHTML" fullname="sdk.test.TestAlchemyLanguage.AlchemyAPI_TestGetDatesHTML" methodname="AlchemyAPI_TestGetDatesHTML" classname="sdk.test.TestAlchemyLanguage" runstate="Runnable" seed="1484271394" result="Passed" start-time="2016-12-16 02:37:54Z" end-time="2016-12-16 02:37:55Z" duration="1.029121" asserts="1" />
          <test-case id="0-1029" name="AlchemyAPI_TestGetDatesText" fullname="sdk.test.TestAlchemyLanguage.AlchemyAPI_TestGetDatesText" methodname="AlchemyAPI_TestGetDatesText" classname="sdk.test.TestAlchemyLanguage" runstate="Runnable" seed="1364327072" result="Passed" start-time="2016-12-16 02:37:55Z" end-time="2016-12-16 02:37:56Z" duration="0.597550" asserts="1" />
          <test-case id="0-1028" name="AlchemyAPI_TestGetDatesURL" fullname="sdk.test.TestAlchemyLanguage.AlchemyAPI_TestGetDatesURL" methodname="AlchemyAPI_TestGetDatesURL" classname="sdk.test.TestAlchemyLanguage" runstate="Runnable" seed="1415815584" result="Passed" start-time="2016-12-16 02:37:56Z" end-time="2016-12-16 02:37:57Z" duration="0.807831" asserts="1" />
          <test-case id="0-1033" name="AlchemyAPI_TestGetEmotionsHTML" fullname="sdk.test.TestAlchemyLanguage.AlchemyAPI_TestGetEmotionsHTML" methodname="AlchemyAPI_TestGetEmotionsHTML" classname="sdk.test.TestAlchemyLanguage" runstate="Runnable" seed="1851334290" result="Passed" start-time="2016-12-16 02:37:57Z" end-time="2016-12-16 02:37:57Z" duration="0.733254" asserts="1" />
          <test-case id="0-1032" name="AlchemyAPI_TestGetEmotionsText" fullname="sdk.test.TestAlchemyLanguage.AlchemyAPI_TestGetEmotionsText" methodname="AlchemyAPI_TestGetEmotionsText" classname="sdk.test.TestAlchemyLanguage" runstate="Runnable" seed="732353626" result="Passed" start-time="2016-12-16 02:37:57Z" end-time="2016-12-16 02:37:58Z" duration="0.639603" asserts="1" />
          <test-case id="0-1031" name="AlchemyAPI_TestGetEmotionsURL" fullname="sdk.test.TestAlchemyLanguage.AlchemyAPI_TestGetEmotionsURL" methodname="AlchemyAPI_TestGetEmotionsURL" classname="sdk.test.TestAlchemyLanguage" runstate="Runnable" seed="842692793" result="Passed" start-time="2016-12-16 02:37:58Z" end-time="2016-12-16 02:37:59Z" duration="1.250314" asserts="1" />
          <test-case id="0-1043" name="AlchemyAPI_TestGetLanguagesHTML" fullname="sdk.test.TestAlchemyLanguage.AlchemyAPI_TestGetLanguagesHTML" methodname="AlchemyAPI_TestGetLanguagesHTML" classname="sdk.test.TestAlchemyLanguage" runstate="Runnable" seed="1819886778" result="Passed" start-time="2016-12-16 02:37:59Z" end-time="2016-12-16 02:38:00Z" duration="0.383969" asserts="1" />
          <test-case id="0-1042" name="AlchemyAPI_TestGetLanguagesText" fullname="sdk.test.TestAlchemyLanguage.AlchemyAPI_TestGetLanguagesText" methodname="AlchemyAPI_TestGetLanguagesText" classname="sdk.test.TestAlchemyLanguage" runstate="Runnable" seed="2003988735" result="Passed" start-time="2016-12-16 02:38:00Z" end-time="2016-12-16 02:38:00Z" duration="0.216731" asserts="1" />
          <test-case id="0-1041" name="AlchemyAPI_TestGetLanguagesURL" fullname="sdk.test.TestAlchemyLanguage.AlchemyAPI_TestGetLanguagesURL" methodname="AlchemyAPI_TestGetLanguagesURL" classname="sdk.test.TestAlchemyLanguage" runstate="Runnable" seed="11380284" result="Passed" start-time="2016-12-16 02:38:00Z" end-time="2016-12-16 02:38:00Z" duration="0.530883" asserts="1" />
          <test-case id="0-1044" name="AlchemyAPI_TestGetMicroformatsURL" fullname="sdk.test.TestAlchemyLanguage.AlchemyAPI_TestGetMicroformatsURL" methodname="AlchemyAPI_TestGetMicroformatsURL" classname="sdk.test.TestAlchemyLanguage" runstate="Runnable" seed="220919005" result="Passed" start-time="2016-12-16 02:38:00Z" end-time="2016-12-16 02:38:02Z" duration="1.382562" asserts="1" />
          <test-case id="0-1046" name="AlchemyAPI_TestGetPublicationDateHTML" fullname="sdk.test.TestAlchemyLanguage.AlchemyAPI_TestGetPublicationDateHTML" methodname="AlchemyAPI_TestGetPublicationDateHTML" classname="sdk.test.TestAlchemyLanguage" runstate="Runnable" seed="1961410408" result="Passed" start-time="2016-12-16 02:38:02Z" end-time="2016-12-16 02:38:02Z" duration="0.251416" asserts="1" />
          <test-case id="0-1045" name="AlchemyAPI_TestGetPublicationDateURL" fullname="sdk.test.TestAlchemyLanguage.AlchemyAPI_TestGetPublicationDateURL" methodname="AlchemyAPI_TestGetPublicationDateURL" classname="sdk.test.TestAlchemyLanguage" runstate="Runnable" seed="1226704695" result="Passed" start-time="2016-12-16 02:38:02Z" end-time="2016-12-16 02:38:03Z" duration="0.409832" asserts="1" />
          <test-case id="0-1026" name="AlchemyAPI_TestGetRankConceptsURL" fullname="sdk.test.TestAlchemyLanguage.AlchemyAPI_TestGetRankConceptsURL" methodname="AlchemyAPI_TestGetRankConceptsURL" classname="sdk.test.TestAlchemyLanguage" runstate="Runnable" seed="1424876981" result="Passed" start-time="2016-12-16 02:38:03Z" end-time="2016-12-16 02:38:03Z" duration="0.415839" asserts="1" />
          <test-case id="0-1025" name="AlchemyAPI_TestGetRankedConceptsHTML" fullname="sdk.test.TestAlchemyLanguage.AlchemyAPI_TestGetRankedConceptsHTML" methodname="AlchemyAPI_TestGetRankedConceptsHTML" classname="sdk.test.TestAlchemyLanguage" runstate="Runnable" seed="355258332" result="Passed" start-time="2016-12-16 02:38:03Z" end-time="2016-12-16 02:38:04Z" duration="0.633069" asserts="1" />
          <test-case id="0-1027" name="AlchemyAPI_TestGetRankedConceptsText" fullname="sdk.test.TestAlchemyLanguage.AlchemyAPI_TestGetRankedConceptsText" methodname="AlchemyAPI_TestGetRankedConceptsText" classname="sdk.test.TestAlchemyLanguage" runstate="Runnable" seed="1764430727" result="Passed" start-time="2016-12-16 02:38:04Z" end-time="2016-12-16 02:38:04Z" duration="0.112041" asserts="1" />
          <test-case id="0-1058" name="AlchemyAPI_TestGetRankedTaxonomyHTML" fullname="sdk.test.TestAlchemyLanguage.AlchemyAPI_TestGetRankedTaxonomyHTML" methodname="AlchemyAPI_TestGetRankedTaxonomyHTML" classname="sdk.test.TestAlchemyLanguage" runstate="Runnable" seed="471963867" result="Passed" start-time="2016-12-16 02:38:04Z" end-time="2016-12-16 02:38:05Z" duration="0.983028" asserts="1" />
          <test-case id="0-1057" name="AlchemyAPI_TestGetRankedTaxonomyText" fullname="sdk.test.TestAlchemyLanguage.AlchemyAPI_TestGetRankedTaxonomyText" methodname="AlchemyAPI_TestGetRankedTaxonomyText" classname="sdk.test.TestAlchemyLanguage" runstate="Runnable" seed="284335204" result="Passed" start-time="2016-12-16 02:38:05Z" end-time="2016-12-16 02:38:05Z" duration="0.501802" asserts="1" />
          <test-case id="0-1056" name="AlchemyAPI_TestGetRankedTaxonomyURL" fullname="sdk.test.TestAlchemyLanguage.AlchemyAPI_TestGetRankedTaxonomyURL" methodname="AlchemyAPI_TestGetRankedTaxonomyURL" classname="sdk.test.TestAlchemyLanguage" runstate="Runnable" seed="1494101747" result="Passed" start-time="2016-12-16 02:38:05Z" end-time="2016-12-16 02:38:06Z" duration="0.966116" asserts="1" />
          <test-case id="0-1062" name="AlchemyAPI_TestGetRawTextHTML" fullname="sdk.test.TestAlchemyLanguage.AlchemyAPI_TestGetRawTextHTML" methodname="AlchemyAPI_TestGetRawTextHTML" classname="sdk.test.TestAlchemyLanguage" runstate="Runnable" seed="1381056191" result="Passed" start-time="2016-12-16 02:38:06Z" end-time="2016-12-16 02:38:06Z" duration="0.258808" asserts="1" />
          <test-case id="0-1061" name="AlchemyAPI_TestGetRawTextURL" fullname="sdk.test.TestAlchemyLanguage.AlchemyAPI_TestGetRawTextURL" methodname="AlchemyAPI_TestGetRawTextURL" classname="sdk.test.TestAlchemyLanguage" runstate="Runnable" seed="983997307" result="Passed" start-time="2016-12-16 02:38:06Z" end-time="2016-12-16 02:38:07Z" duration="0.656110" asserts="1" />
          <test-case id="0-1049" name="AlchemyAPI_TestGetRelationsHTML" fullname="sdk.test.TestAlchemyLanguage.AlchemyAPI_TestGetRelationsHTML" methodname="AlchemyAPI_TestGetRelationsHTML" classname="sdk.test.TestAlchemyLanguage" runstate="Runnable" seed="171878292" result="Passed" start-time="2016-12-16 02:38:07Z" end-time="2016-12-16 02:38:09Z" duration="2.008333" asserts="1" />
          <test-case id="0-1048" name="AlchemyAPI_TestGetRelationsText" fullname="sdk.test.TestAlchemyLanguage.AlchemyAPI_TestGetRelationsText" methodname="AlchemyAPI_TestGetRelationsText" classname="sdk.test.TestAlchemyLanguage" runstate="Runnable" seed="121414760" result="Passed" start-time="2016-12-16 02:38:09Z" end-time="2016-12-16 02:38:11Z" duration="1.453309" asserts="1" />
          <test-case id="0-1047" name="AlchemyAPI_TestGetRelationsURL" fullname="sdk.test.TestAlchemyLanguage.AlchemyAPI_TestGetRelationsURL" methodname="AlchemyAPI_TestGetRelationsURL" classname="sdk.test.TestAlchemyLanguage" runstate="Runnable" seed="41718876" result="Passed" start-time="2016-12-16 02:38:11Z" end-time="2016-12-16 02:38:12Z" duration="1.177772" asserts="1" />
          <test-case id="0-1055" name="AlchemyAPI_TestGetTargetedSentimentHTML" fullname="sdk.test.TestAlchemyLanguage.AlchemyAPI_TestGetTargetedSentimentHTML" methodname="AlchemyAPI_TestGetTargetedSentimentHTML" classname="sdk.test.TestAlchemyLanguage" runstate="Runnable" seed="1587287008" result="Passed" start-time="2016-12-16 02:38:12Z" end-time="2016-12-16 02:38:12Z" duration="0.618467" asserts="1" />
          <test-case id="0-1054" name="AlchemyAPI_TestGetTargetedSentimentText" fullname="sdk.test.TestAlchemyLanguage.AlchemyAPI_TestGetTargetedSentimentText" methodname="AlchemyAPI_TestGetTargetedSentimentText" classname="sdk.test.TestAlchemyLanguage" runstate="Runnable" seed="1742186707" result="Passed" start-time="2016-12-16 02:38:12Z" end-time="2016-12-16 02:38:13Z" duration="0.257981" asserts="1" />
          <test-case id="0-1053" name="AlchemyAPI_TestGetTargetedSentimentURL" fullname="sdk.test.TestAlchemyLanguage.AlchemyAPI_TestGetTargetedSentimentURL" methodname="AlchemyAPI_TestGetTargetedSentimentURL" classname="sdk.test.TestAlchemyLanguage" runstate="Runnable" seed="461489924" result="Passed" start-time="2016-12-16 02:38:13Z" end-time="2016-12-16 02:38:13Z" duration="0.709987" asserts="1" />
          <test-case id="0-1060" name="AlchemyAPI_TestGetTextHTML" fullname="sdk.test.TestAlchemyLanguage.AlchemyAPI_TestGetTextHTML" methodname="AlchemyAPI_TestGetTextHTML" classname="sdk.test.TestAlchemyLanguage" runstate="Runnable" seed="438416498" result="Passed" start-time="2016-12-16 02:38:13Z" end-time="2016-12-16 02:38:14Z" duration="0.608391" asserts="1" />
          <test-case id="0-1052" name="AlchemyAPI_TestGetTextSentimentHTML" fullname="sdk.test.TestAlchemyLanguage.AlchemyAPI_TestGetTextSentimentHTML" methodname="AlchemyAPI_TestGetTextSentimentHTML" classname="sdk.test.TestAlchemyLanguage" runstate="Runnable" seed="810678936" result="Passed" start-time="2016-12-16 02:38:14Z" end-time="2016-12-16 02:38:14Z" duration="0.301204" asserts="1" />
          <test-case id="0-1051" name="AlchemyAPI_TestGetTextSentimentText" fullname="sdk.test.TestAlchemyLanguage.AlchemyAPI_TestGetTextSentimentText" methodname="AlchemyAPI_TestGetTextSentimentText" classname="sdk.test.TestAlchemyLanguage" runstate="Runnable" seed="192600996" result="Passed" start-time="2016-12-16 02:38:14Z" end-time="2016-12-16 02:38:15Z" duration="0.272684" asserts="1" />
          <test-case id="0-1050" name="AlchemyAPI_TestGetTextSentimentURL" fullname="sdk.test.TestAlchemyLanguage.AlchemyAPI_TestGetTextSentimentURL" methodname="AlchemyAPI_TestGetTextSentimentURL" classname="sdk.test.TestAlchemyLanguage" runstate="Runnable" seed="1045587428" result="Passed" start-time="2016-12-16 02:38:15Z" end-time="2016-12-16 02:38:15Z" duration="0.602681" asserts="1" />
          <test-case id="0-1059" name="AlchemyAPI_TestGetTextURL" fullname="sdk.test.TestAlchemyLanguage.AlchemyAPI_TestGetTextURL" methodname="AlchemyAPI_TestGetTextURL" classname="sdk.test.TestAlchemyLanguage" runstate="Runnable" seed="1583165326" result="Passed" start-time="2016-12-16 02:38:15Z" end-time="2016-12-16 02:38:16Z" duration="0.666194" asserts="1" />
          <test-case id="0-1064" name="AlchemyAPI_TestGetTitleHTML" fullname="sdk.test.TestAlchemyLanguage.AlchemyAPI_TestGetTitleHTML" methodname="AlchemyAPI_TestGetTitleHTML" classname="sdk.test.TestAlchemyLanguage" runstate="Runnable" seed="646887901" result="Passed" start-time="2016-12-16 02:38:16Z" end-time="2016-12-16 02:38:16Z" duration="0.591736" asserts="1" />
          <test-case id="0-1063" name="AlchemyAPI_TestGetTitleURL" fullname="sdk.test.TestAlchemyLanguage.AlchemyAPI_TestGetTitleURL" methodname="AlchemyAPI_TestGetTitleURL" classname="sdk.test.TestAlchemyLanguage" runstate="Runnable" seed="1390935896" result="Passed" start-time="2016-12-16 02:38:16Z" end-time="2016-12-16 02:38:17Z" duration="0.598432" asserts="1" />
        </test-suite>
        <test-suite type="TestFixture" id="0-1017" name="TestConversation" fullname="sdk.test.TestConversation" classname="sdk.test.TestConversation" runstate="Runnable" testcasecount="2" result="Passed" start-time="2016-12-16 02:38:17Z" end-time="2016-12-16 02:38:18Z" duration="0.533438" total="2" passed="2" failed="0" inconclusive="0" skipped="0" asserts="2">
          <test-case id="0-1019" name="Conversation_TestMessageInput" fullname="sdk.test.TestConversation.Conversation_TestMessageInput" methodname="Conversation_TestMessageInput" classname="sdk.test.TestConversation" runstate="Runnable" seed="884309500" result="Passed" start-time="2016-12-16 02:38:17Z" end-time="2016-12-16 02:38:17Z" duration="0.325691" asserts="1" />
          <test-case id="0-1018" name="Conversation_TestMessageObject" fullname="sdk.test.TestConversation.Conversation_TestMessageObject" methodname="Conversation_TestMessageObject" classname="sdk.test.TestConversation" runstate="Runnable" seed="1286051837" result="Passed" start-time="2016-12-16 02:38:17Z" end-time="2016-12-16 02:38:18Z" duration="0.200623" asserts="1" />
        </test-suite>
        <test-suite type="TestFixture" id="0-1013" name="TestDocumentConversion" fullname="sdk.test.TestDocumentConversion" classname="sdk.test.TestDocumentConversion" runstate="Runnable" testcasecount="3" result="Passed" start-time="2016-12-16 02:38:18Z" end-time="2016-12-16 02:38:18Z" duration="0.934106" total="3" passed="3" failed="0" inconclusive="0" skipped="0" asserts="3">
          <test-case id="0-1014" name="DocumentConversion_TestConvertDocumentAnswerUnit" fullname="sdk.test.TestDocumentConversion.DocumentConversion_TestConvertDocumentAnswerUnit" methodname="DocumentConversion_TestConvertDocumentAnswerUnit" classname="sdk.test.TestDocumentConversion" runstate="Runnable" seed="324397731" result="Passed" start-time="2016-12-16 02:38:18Z" end-time="2016-12-16 02:38:18Z" duration="0.351955" asserts="1" />
          <test-case id="0-1016" name="DocumentConversion_TestConvertDocumentHTML" fullname="sdk.test.TestDocumentConversion.DocumentConversion_TestConvertDocumentHTML" methodname="DocumentConversion_TestConvertDocumentHTML" classname="sdk.test.TestDocumentConversion" runstate="Runnable" seed="1895857090" result="Passed" start-time="2016-12-16 02:38:18Z" end-time="2016-12-16 02:38:18Z" duration="0.305901" asserts="1" />
          <test-case id="0-1015" name="DocumentConversion_TestConvertDocumentText" fullname="sdk.test.TestDocumentConversion.DocumentConversion_TestConvertDocumentText" methodname="DocumentConversion_TestConvertDocumentText" classname="sdk.test.TestDocumentConversion" runstate="Runnable" seed="1526427410" result="Passed" start-time="2016-12-16 02:38:18Z" end-time="2016-12-16 02:38:18Z" duration="0.264727" asserts="1" />
        </test-suite>
        <test-suite type="TestFixture" id="0-1007" name="TestLanguageTranslator" fullname="sdk.test.TestLanguageTranslator" classname="sdk.test.TestLanguageTranslator" runstate="Runnable" testcasecount="5" result="Passed" start-time="2016-12-16 02:38:18Z" end-time="2016-12-16 02:38:19Z" duration="0.722936" total="5" passed="5" failed="0" inconclusive="0" skipped="0" asserts="5">
          <test-case id="0-1010" name="LanguageTranslator_TestGetLanguages" fullname="sdk.test.TestLanguageTranslator.LanguageTranslator_TestGetLanguages" methodname="LanguageTranslator_TestGetLanguages" classname="sdk.test.TestLanguageTranslator" runstate="Runnable" seed="522416102" result="Passed" start-time="2016-12-16 02:38:18Z" end-time="2016-12-16 02:38:19Z" duration="0.070276" asserts="1" />
          <test-case id="0-1008" name="LanguageTranslator_TestGetModel" fullname="sdk.test.TestLanguageTranslator.LanguageTranslator_TestGetModel" methodname="LanguageTranslator_TestGetModel" classname="sdk.test.TestLanguageTranslator" runstate="Runnable" seed="1982643959" result="Passed" start-time="2016-12-16 02:38:19Z" end-time="2016-12-16 02:38:19Z" duration="0.216128" asserts="1" />
          <test-case id="0-1009" name="LanguageTranslator_TestGetModels" fullname="sdk.test.TestLanguageTranslator.LanguageTranslator_TestGetModels" methodname="LanguageTranslator_TestGetModels" classname="sdk.test.TestLanguageTranslator" runstate="Runnable" seed="475681580" result="Passed" start-time="2016-12-16 02:38:19Z" end-time="2016-12-16 02:38:19Z" duration="0.233494" asserts="1" />
          <test-case id="0-1011" name="LanguageTranslator_TestIdentify" fullname="sdk.test.TestLanguageTranslator.LanguageTranslator_TestIdentify" methodname="LanguageTranslator_TestIdentify" classname="sdk.test.TestLanguageTranslator" runstate="Runnable" seed="366936348" result="Passed" start-time="2016-12-16 02:38:19Z" end-time="2016-12-16 02:38:19Z" duration="0.075804" asserts="1" />
          <test-case id="0-1012" name="LanguageTranslator_TestTranslate" fullname="sdk.test.TestLanguageTranslator.LanguageTranslator_TestTranslate" methodname="LanguageTranslator_TestTranslate" classname="sdk.test.TestLanguageTranslator" runstate="Runnable" seed="1406458118" result="Passed" start-time="2016-12-16 02:38:19Z" end-time="2016-12-16 02:38:19Z" duration="0.109326" asserts="1" />
        </test-suite>
        <test-suite type="TestFixture" id="0-1000" name="TestNaturalLanguageClassifier" fullname="sdk.test.TestNaturalLanguageClassifier" classname="sdk.test.TestNaturalLanguageClassifier" runstate="Runnable" testcasecount="6" result="Passed" start-time="2016-12-16 02:38:19Z" end-time="2016-12-16 02:38:21Z" duration="1.360421" total="6" passed="6" failed="0" inconclusive="0" skipped="0" asserts="6">
          <test-case id="0-1001" name="NaturalLanguageClassifier_TestTrainClassifier" fullname="sdk.test.TestNaturalLanguageClassifier.NaturalLanguageClassifier_TestTrainClassifier" methodname="NaturalLanguageClassifier_TestTrainClassifier" classname="sdk.test.TestNaturalLanguageClassifier" runstate="Runnable" seed="2143065106" result="Passed" start-time="2016-12-16 02:38:19Z" end-time="2016-12-16 02:38:20Z" duration="0.696220" asserts="1">
            <properties>
              <property name="Order" value="0" />
            </properties>
            <output><![CDATA[[DEBUG][TestNaturalLanguageClassifier]: Attempting to train classifier...
[DEBUG][TestNaturalLanguageClassifier]: Created classifier id: ff1b44x158-nlc-356.
]]></output>
          </test-case>
          <test-case id="0-1002" name="NaturalLanguageClassifier_TestFindClassifier" fullname="sdk.test.TestNaturalLanguageClassifier.NaturalLanguageClassifier_TestFindClassifier" methodname="NaturalLanguageClassifier_TestFindClassifier" classname="sdk.test.TestNaturalLanguageClassifier" runstate="Runnable" seed="1709100250" result="Passed" start-time="2016-12-16 02:38:20Z" end-time="2016-12-16 02:38:20Z" duration="0.211745" asserts="1">
            <properties>
              <property name="Order" value="1" />
            </properties>
            <output><![CDATA[[DEBUG][TestNaturalLanguageClassifier]: Attempting to find classifier dot-net-integration-test-classifier...
[DEBUG][TestNaturalLanguageClassifier]: Found classifier dot-net-integration-test-classifier12/15/2016 8:38:19 PM, ff1b44x158-nlc-356.
]]></output>
          </test-case>
          <test-case id="0-1003" name="NaturalLanguageClassifier_TestGetClassifier" fullname="sdk.test.TestNaturalLanguageClassifier.NaturalLanguageClassifier_TestGetClassifier" methodname="NaturalLanguageClassifier_TestGetClassifier" classname="sdk.test.TestNaturalLanguageClassifier" runstate="Runnable" seed="1947879181" result="Passed" start-time="2016-12-16 02:38:20Z" end-time="2016-12-16 02:38:20Z" duration="0.070584" asserts="1">
            <properties>
              <property name="Order" value="2" />
            </properties>
            <output><![CDATA[[DEBUG][TestNaturalLanguageClassifier]: Attempting to get classifier ff1b44x158-nlc-356...
[DEBUG][TestNaturalLanguageClassifier]: Got classifier ff1b44x158-nlc-356.
]]></output>
          </test-case>
          <test-case id="0-1006" name="NaturalLanguageClassifier_TestDeleteClassifier" fullname="sdk.test.TestNaturalLanguageClassifier.NaturalLanguageClassifier_TestDeleteClassifier" methodname="NaturalLanguageClassifier_TestDeleteClassifier" classname="sdk.test.TestNaturalLanguageClassifier" runstate="Runnable" seed="422477935" result="Passed" start-time="2016-12-16 02:38:20Z" end-time="2016-12-16 02:38:20Z" duration="0.087303" asserts="1">
            <properties>
              <property name="Order" value="3" />
            </properties>
            <output><![CDATA[[DEBUG][TestNaturalLanguageClassifier]: Attempting to delete classifier ff1b44x158-nlc-356...
[DEBUG][TestNaturalLanguageClassifier]: Deleted classifier ff1b44x158-nlc-356.
]]></output>
          </test-case>
          <test-case id="0-1005" name="NaturalLanguageClassifier_TestClassify" fullname="sdk.test.TestNaturalLanguageClassifier.NaturalLanguageClassifier_TestClassify" methodname="NaturalLanguageClassifier_TestClassify" classname="sdk.test.TestNaturalLanguageClassifier" runstate="Runnable" seed="1050670965" result="Passed" start-time="2016-12-16 02:38:20Z" end-time="2016-12-16 02:38:20Z" duration="0.103407" asserts="1" />
          <test-case id="0-1004" name="NaturalLanguageClassifier_TestGetClassifiers" fullname="sdk.test.TestNaturalLanguageClassifier.NaturalLanguageClassifier_TestGetClassifiers" methodname="NaturalLanguageClassifier_TestGetClassifiers" classname="sdk.test.TestNaturalLanguageClassifier" runstate="Runnable" seed="1510026086" result="Passed" start-time="2016-12-16 02:38:20Z" end-time="2016-12-16 02:38:21Z" duration="0.167956" asserts="1" />
        </test-suite>
        <test-suite type="TestFixture" id="0-1068" name="TestPersonalityInsights" fullname="sdk.test.TestPersonalityInsights" classname="sdk.test.TestPersonalityInsights" runstate="Runnable" testcasecount="2" result="Passed" start-time="2016-12-16 02:38:21Z" end-time="2016-12-16 02:38:21Z" duration="0.194512" total="2" passed="2" failed="0" inconclusive="0" skipped="0" asserts="2">
          <test-case id="0-1070" name="PersonalityInsights_TestGetProfileJson" fullname="sdk.test.TestPersonalityInsights.PersonalityInsights_TestGetProfileJson" methodname="PersonalityInsights_TestGetProfileJson" classname="sdk.test.TestPersonalityInsights" runstate="Runnable" seed="1963369777" result="Passed" start-time="2016-12-16 02:38:21Z" end-time="2016-12-16 02:38:21Z" duration="0.095545" asserts="1" />
          <test-case id="0-1069" name="PersonalityInsights_TestGetProfileText" fullname="sdk.test.TestPersonalityInsights.PersonalityInsights_TestGetProfileText" methodname="PersonalityInsights_TestGetProfileText" classname="sdk.test.TestPersonalityInsights" runstate="Runnable" seed="1129714399" result="Passed" start-time="2016-12-16 02:38:21Z" end-time="2016-12-16 02:38:21Z" duration="0.091894" asserts="1" />
        </test-suite>
        <test-suite type="TestFixture" id="0-1071" name="TestRetrieveAndRank" fullname="sdk.test.TestRetrieveAndRank" classname="sdk.test.TestRetrieveAndRank" runstate="Runnable" testcasecount="22" result="Passed" start-time="2016-12-16 02:38:21Z" end-time="2016-12-16 02:38:25Z" duration="4.326073" total="22" passed="22" failed="0" inconclusive="0" skipped="0" asserts="22">
          <test-case id="0-1072" name="RetrieveAndRank_TestGetClusters" fullname="sdk.test.TestRetrieveAndRank.RetrieveAndRank_TestGetClusters" methodname="RetrieveAndRank_TestGetClusters" classname="sdk.test.TestRetrieveAndRank" runstate="Runnable" seed="1532124032" result="Passed" start-time="2016-12-16 02:38:21Z" end-time="2016-12-16 02:38:21Z" duration="0.078913" asserts="1">
            <properties>
              <property name="Order" value="0" />
            </properties>
            <output><![CDATA[[DEBUG][TestRetrieveAndRank]: Attempting to get clusters...
]]></output>
          </test-case>
          <test-case id="0-1075" name="RetrieveAndRank_TestGetRankers" fullname="sdk.test.TestRetrieveAndRank.RetrieveAndRank_TestGetRankers" methodname="RetrieveAndRank_TestGetRankers" classname="sdk.test.TestRetrieveAndRank" runstate="Runnable" seed="1441403525" result="Passed" start-time="2016-12-16 02:38:21Z" end-time="2016-12-16 02:38:21Z" duration="0.088495" asserts="1">
            <properties>
              <property name="Order" value="3" />
            </properties>
            <output><![CDATA[[DEBUG][TestRetrieveAndRank]: Attempting to get rankers...
]]></output>
          </test-case>
          <test-case id="0-1076" name="RetrieveAndRank_TestCreateCluster" fullname="sdk.test.TestRetrieveAndRank.RetrieveAndRank_TestCreateCluster" methodname="RetrieveAndRank_TestCreateCluster" classname="sdk.test.TestRetrieveAndRank" runstate="Runnable" seed="1390588233" result="Passed" start-time="2016-12-16 02:38:21Z" end-time="2016-12-16 02:38:21Z" duration="0.103640" asserts="1">
            <properties>
              <property name="Order" value="4" />
            </properties>
            <output><![CDATA[[DEBUG][TestRetrieveAndRank]: Attempting to create cluster...
[DEBUG][TestRetrieveAndRank]: Created cluster sc516af70e_7d8d_4999_87a6_c9b763a4993a.
]]></output>
          </test-case>
          <test-case id="0-1077" name="RetrieveAndRank_TestGetCluster" fullname="sdk.test.TestRetrieveAndRank.RetrieveAndRank_TestGetCluster" methodname="RetrieveAndRank_TestGetCluster" classname="sdk.test.TestRetrieveAndRank" runstate="Runnable" seed="409160964" result="Passed" start-time="2016-12-16 02:38:21Z" end-time="2016-12-16 02:38:21Z" duration="0.102061" asserts="1">
            <properties>
              <property name="Order" value="5" />
            </properties>
            <output><![CDATA[[DEBUG][TestRetrieveAndRank]: Attempting to get cluster sc516af70e_7d8d_4999_87a6_c9b763a4993a...
]]></output>
          </test-case>
          <test-case id="0-1078" name="RetrieveAndRank_TestUploadClusterConfig" fullname="sdk.test.TestRetrieveAndRank.RetrieveAndRank_TestUploadClusterConfig" methodname="RetrieveAndRank_TestUploadClusterConfig" classname="sdk.test.TestRetrieveAndRank" runstate="Runnable" seed="1430829432" result="Passed" start-time="2016-12-16 02:38:21Z" end-time="2016-12-16 02:38:21Z" duration="0.085523" asserts="1">
            <properties>
              <property name="Order" value="6" />
            </properties>
            <output><![CDATA[[DEBUG][TestRetrieveAndRank]: Attempting to upload cluster configs for sc516af70e_7d8d_4999_87a6_c9b763a4993a...
]]></output>
          </test-case>
          <test-case id="0-1079" name="RetrieveAndRank_TestGetClusterConfig" fullname="sdk.test.TestRetrieveAndRank.RetrieveAndRank_TestGetClusterConfig" methodname="RetrieveAndRank_TestGetClusterConfig" classname="sdk.test.TestRetrieveAndRank" runstate="Runnable" seed="374113795" result="Passed" start-time="2016-12-16 02:38:21Z" end-time="2016-12-16 02:38:21Z" duration="0.066661" asserts="1">
            <properties>
              <property name="Order" value="7" />
            </properties>
            <output><![CDATA[[DEBUG][TestRetrieveAndRank]: Attempting to get cluster config dotnet-integration-test-cluster for sc516af70e_7d8d_4999_87a6_c9b763a4993a...
]]></output>
          </test-case>
          <test-case id="0-1080" name="RetrieveAndRank_TestForwardCollectionRequestCreate" fullname="sdk.test.TestRetrieveAndRank.RetrieveAndRank_TestForwardCollectionRequestCreate" methodname="RetrieveAndRank_TestForwardCollectionRequestCreate" classname="sdk.test.TestRetrieveAndRank" runstate="Runnable" seed="236897068" result="Passed" start-time="2016-12-16 02:38:21Z" end-time="2016-12-16 02:38:21Z" duration="0.070534" asserts="1">
            <properties>
              <property name="Order" value="8" />
            </properties>
            <output><![CDATA[[DEBUG][TestRetrieveAndRank]: Attempting to forward collection request: Create dotnet-integration-test-collection...
]]></output>
          </test-case>
          <test-case id="0-1081" name="RetrieveAndRank_TestIndexDocuments" fullname="sdk.test.TestRetrieveAndRank.RetrieveAndRank_TestIndexDocuments" methodname="RetrieveAndRank_TestIndexDocuments" classname="sdk.test.TestRetrieveAndRank" runstate="Runnable" seed="1030730112" result="Passed" start-time="2016-12-16 02:38:21Z" end-time="2016-12-16 02:38:23Z" duration="1.679082" asserts="1">
            <properties>
              <property name="Order" value="9" />
            </properties>
            <output><![CDATA[[DEBUG][TestRetrieveAndRank]: Attempting to get index documents...
[DEBUG][RetriveAndRank]: json: {"msg":"WRRCSS030: Solr cluster ID [sc516af70e_7d8d_4999_87a6_c9b763a4993a] does not exist.","code":404}
]]></output>
          </test-case>
          <test-case id="0-1082" name="RetrieveAndRank_TestStandardSearch" fullname="sdk.test.TestRetrieveAndRank.RetrieveAndRank_TestStandardSearch" methodname="RetrieveAndRank_TestStandardSearch" classname="sdk.test.TestRetrieveAndRank" runstate="Runnable" seed="1602217480" result="Passed" start-time="2016-12-16 02:38:23Z" end-time="2016-12-16 02:38:23Z" duration="0.072348" asserts="1">
            <properties>
              <property name="Order" value="10" />
            </properties>
            <output><![CDATA[[DEBUG][TestRetrieveAndRank]: Attempting standard search...
]]></output>
          </test-case>
          <test-case id="0-1083" name="RetrieveAndRank_TestRankedSearch" fullname="sdk.test.TestRetrieveAndRank.RetrieveAndRank_TestRankedSearch" methodname="RetrieveAndRank_TestRankedSearch" classname="sdk.test.TestRetrieveAndRank" runstate="Runnable" seed="1889600261" result="Passed" start-time="2016-12-16 02:38:23Z" end-time="2016-12-16 02:38:23Z" duration="0.136396" asserts="1">
            <properties>
              <property name="Order" value="11" />
            </properties>
            <output><![CDATA[[DEBUG][TestRetrieveAndRank]: Attempting ranked search...
[ERROR][RESTConnector]: Parameger ranker_id value is null
]]></output>
          </test-case>
          <test-case id="0-1084" name="RetrieveAndRank_TestGetClusterStatistics" fullname="sdk.test.TestRetrieveAndRank.RetrieveAndRank_TestGetClusterStatistics" methodname="RetrieveAndRank_TestGetClusterStatistics" classname="sdk.test.TestRetrieveAndRank" runstate="Runnable" seed="862598603" result="Passed" start-time="2016-12-16 02:38:23Z" end-time="2016-12-16 02:38:23Z" duration="0.060181" asserts="1">
            <properties>
              <property name="Order" value="12" />
            </properties>
            <output><![CDATA[[DEBUG][TestRetrieveAndRank]: Attempting to get cluster statistics...
]]></output>
          </test-case>
          <test-case id="0-1085" name="RetrieveAndRank_TestResizeSOLRCluster" fullname="sdk.test.TestRetrieveAndRank.RetrieveAndRank_TestResizeSOLRCluster" methodname="RetrieveAndRank_TestResizeSOLRCluster" classname="sdk.test.TestRetrieveAndRank" runstate="Runnable" seed="1778144895" result="Passed" start-time="2016-12-16 02:38:23Z" end-time="2016-12-16 02:38:24Z" duration="0.135748" asserts="1">
            <properties>
              <property name="Order" value="13" />
            </properties>
            <output><![CDATA[[DEBUG][TestRetrieveAndRank]: Attempting to resize SOLR Cluster...
]]></output>
          </test-case>
          <test-case id="0-1086" name="RetrieveAndRank_TestGetClusterResizeStatus" fullname="sdk.test.TestRetrieveAndRank.RetrieveAndRank_TestGetClusterResizeStatus" methodname="RetrieveAndRank_TestGetClusterResizeStatus" classname="sdk.test.TestRetrieveAndRank" runstate="Runnable" seed="501895141" result="Passed" start-time="2016-12-16 02:38:24Z" end-time="2016-12-16 02:38:24Z" duration="0.069971" asserts="1">
            <properties>
              <property name="Order" value="14" />
            </properties>
            <output><![CDATA[[DEBUG][TestRetrieveAndRank]: Attempting to get cluster resize status...
]]></output>
          </test-case>
          <test-case id="0-1073" name="RetrieveAndRank_TestGetClusterConfigs" fullname="sdk.test.TestRetrieveAndRank.RetrieveAndRank_TestGetClusterConfigs" methodname="RetrieveAndRank_TestGetClusterConfigs" classname="sdk.test.TestRetrieveAndRank" runstate="Runnable" seed="206292472" result="Passed" start-time="2016-12-16 02:38:24Z" end-time="2016-12-16 02:38:24Z" duration="0.069938" asserts="1">
            <properties>
              <property name="Order" value="15" />
            </properties>
            <output><![CDATA[[DEBUG][TestRetrieveAndRank]: Attempting to list cluster configs for sc516af70e_7d8d_4999_87a6_c9b763a4993a...
[DEBUG][TestRetrieveAndRank]: Listed cluster configs for sc516af70e_7d8d_4999_87a6_c9b763a4993a...
]]></output>
          </test-case>
          <test-case id="0-1074" name="RetrieveAndRank_TestForwardCollectionRequestList" fullname="sdk.test.TestRetrieveAndRank.RetrieveAndRank_TestForwardCollectionRequestList" methodname="RetrieveAndRank_TestForwardCollectionRequestList" classname="sdk.test.TestRetrieveAndRank" runstate="Runnable" seed="1893716987" result="Passed" start-time="2016-12-16 02:38:24Z" end-time="2016-12-16 02:38:24Z" duration="0.141679" asserts="1">
            <properties>
              <property name="Order" value="16" />
            </properties>
            <output><![CDATA[[DEBUG][TestRetrieveAndRank]: Attempting to forward collection request: List dotnet-integration-test-collection...
]]></output>
          </test-case>
          <test-case id="0-1087" name="RetrieveAndRank_TestCreateRanker" fullname="sdk.test.TestRetrieveAndRank.RetrieveAndRank_TestCreateRanker" methodname="RetrieveAndRank_TestCreateRanker" classname="sdk.test.TestRetrieveAndRank" runstate="Runnable" seed="2092008360" result="Passed" start-time="2016-12-16 02:38:24Z" end-time="2016-12-16 02:38:25Z" duration="0.791292" asserts="1">
            <properties>
              <property name="Order" value="17" />
            </properties>
            <output><![CDATA[[DEBUG][TestRetrieveAndRank]: Attempting to create ranker...
]]></output>
          </test-case>
          <test-case id="0-1088" name="RetrieveAndRank_TestRank" fullname="sdk.test.TestRetrieveAndRank.RetrieveAndRank_TestRank" methodname="RetrieveAndRank_TestRank" classname="sdk.test.TestRetrieveAndRank" runstate="Runnable" seed="1946239213" result="Passed" start-time="2016-12-16 02:38:25Z" end-time="2016-12-16 02:38:25Z" duration="0.096432" asserts="1">
            <properties>
              <property name="Order" value="18" />
            </properties>
            <output><![CDATA[[DEBUG][TestRetrieveAndRank]: Attempting to rank...
]]></output>
          </test-case>
          <test-case id="0-1089" name="RetrieveAndRank_TestGetRankerInfo" fullname="sdk.test.TestRetrieveAndRank.RetrieveAndRank_TestGetRankerInfo" methodname="RetrieveAndRank_TestGetRankerInfo" classname="sdk.test.TestRetrieveAndRank" runstate="Runnable" seed="608905860" result="Passed" start-time="2016-12-16 02:38:25Z" end-time="2016-12-16 02:38:25Z" duration="0.073038" asserts="1">
            <properties>
              <property name="Order" value="19" />
            </properties>
            <output><![CDATA[[DEBUG][TestRetrieveAndRank]: Attempting to get ranker info...
]]></output>
          </test-case>
          <test-case id="0-1090" name="RetrieveAndRank_TestForwardCollectionRequestDelete" fullname="sdk.test.TestRetrieveAndRank.RetrieveAndRank_TestForwardCollectionRequestDelete" methodname="RetrieveAndRank_TestForwardCollectionRequestDelete" classname="sdk.test.TestRetrieveAndRank" runstate="Runnable" seed="1957281746" result="Passed" start-time="2016-12-16 02:38:25Z" end-time="2016-12-16 02:38:25Z" duration="0.095591" asserts="1">
            <properties>
              <property name="Order" value="20" />
            </properties>
            <output><![CDATA[[DEBUG][TestRetrieveAndRank]: Attempting to forward collection request: Delete dotnet-integration-test-collection...
]]></output>
          </test-case>
          <test-case id="0-1091" name="RetrieveAndRank_TestDeleteClusterConfig" fullname="sdk.test.TestRetrieveAndRank.RetrieveAndRank_TestDeleteClusterConfig" methodname="RetrieveAndRank_TestDeleteClusterConfig" classname="sdk.test.TestRetrieveAndRank" runstate="Runnable" seed="1415805959" result="Passed" start-time="2016-12-16 02:38:25Z" end-time="2016-12-16 02:38:25Z" duration="0.073822" asserts="1">
            <properties>
              <property name="Order" value="21" />
            </properties>
            <output><![CDATA[[DEBUG][TestRetrieveAndRank]: Attempting to delete cluster config dotnet-integration-test-cluster for sc516af70e_7d8d_4999_87a6_c9b763a4993a...
]]></output>
          </test-case>
          <test-case id="0-1092" name="RetrieveAndRank_TestDeleteRanker" fullname="sdk.test.TestRetrieveAndRank.RetrieveAndRank_TestDeleteRanker" methodname="RetrieveAndRank_TestDeleteRanker" classname="sdk.test.TestRetrieveAndRank" runstate="Runnable" seed="2132506169" result="Passed" start-time="2016-12-16 02:38:25Z" end-time="2016-12-16 02:38:25Z" duration="0.086137" asserts="1">
            <properties>
              <property name="Order" value="22" />
            </properties>
            <output><![CDATA[[DEBUG][TestRetrieveAndRank]: Attempting to delete ranker 76643bx23-rank-1390...
]]></output>
          </test-case>
          <test-case id="0-1093" name="RetrieveAndRank_TestDeleteCluster" fullname="sdk.test.TestRetrieveAndRank.RetrieveAndRank_TestDeleteCluster" methodname="RetrieveAndRank_TestDeleteCluster" classname="sdk.test.TestRetrieveAndRank" runstate="Runnable" seed="1817815773" result="Passed" start-time="2016-12-16 02:38:25Z" end-time="2016-12-16 02:38:25Z" duration="0.067822" asserts="1">
            <properties>
              <property name="Order" value="23" />
            </properties>
            <output><![CDATA[[DEBUG][TestRetrieveAndRank]: Attempting to delete cluster sc516af70e_7d8d_4999_87a6_c9b763a4993a...
[DEBUG][RetrieveAndRank]: OnDeleteClusterResponse success: True
]]></output>
          </test-case>
        </test-suite>
        <test-suite type="TestFixture" id="0-1094" name="TestSpeechToText" fullname="sdk.test.TestSpeechToText" classname="sdk.test.TestSpeechToText" runstate="Runnable" testcasecount="18" result="Passed" start-time="2016-12-16 02:38:25Z" end-time="2016-12-16 02:38:31Z" duration="5.713220" total="18" passed="18" failed="0" inconclusive="0" skipped="0" asserts="18">
          <test-case id="0-1099" name="SpeechToText_TestCreateCustomization" fullname="sdk.test.TestSpeechToText.SpeechToText_TestCreateCustomization" methodname="SpeechToText_TestCreateCustomization" classname="sdk.test.TestSpeechToText" runstate="Runnable" seed="884529338" result="Passed" start-time="2016-12-16 02:38:25Z" end-time="2016-12-16 02:38:25Z" duration="0.260035" asserts="1">
            <properties>
              <property name="Order" value="5" />
            </properties>
            <output><![CDATA[[DEBUG][TestSpeechToText]: Attempting to create customization...
]]></output>
          </test-case>
          <test-case id="0-1100" name="SpeechToText_TestGetCustomization" fullname="sdk.test.TestSpeechToText.SpeechToText_TestGetCustomization" methodname="SpeechToText_TestGetCustomization" classname="sdk.test.TestSpeechToText" runstate="Runnable" seed="586800841" result="Passed" start-time="2016-12-16 02:38:25Z" end-time="2016-12-16 02:38:25Z" duration="0.071913" asserts="1">
            <properties>
              <property name="Order" value="6" />
            </properties>
            <output><![CDATA[[DEBUG][TestSpeechToText]: Attempting to get customization b80db5f0-c338-11e6-b344-3b648497c17a...
]]></output>
          </test-case>
          <test-case id="0-1102" name="SpeechToText_TestAddCustomCorpusUsingFile" fullname="sdk.test.TestSpeechToText.SpeechToText_TestAddCustomCorpusUsingFile" methodname="SpeechToText_TestAddCustomCorpusUsingFile" classname="sdk.test.TestSpeechToText" runstate="Runnable" seed="1588386411" result="Passed" start-time="2016-12-16 02:38:25Z" end-time="2016-12-16 02:38:26Z" duration="0.444151" asserts="1">
            <properties>
              <property name="Order" value="7" />
            </properties>
            <output><![CDATA[[DEBUG][TestSpeechToText]: Attempting to add custom corpus using file...
]]></output>
          </test-case>
          <test-case id="0-1103" name="SpeechToText_TestAddCustomCorpusUsingData" fullname="sdk.test.TestSpeechToText.SpeechToText_TestAddCustomCorpusUsingData" methodname="SpeechToText_TestAddCustomCorpusUsingData" classname="sdk.test.TestSpeechToText" runstate="Runnable" seed="580781972" result="Passed" start-time="2016-12-16 02:38:26Z" end-time="2016-12-16 02:38:26Z" duration="0.084422" asserts="1">
            <properties>
              <property name="Order" value="8" />
            </properties>
            <output><![CDATA[[DEBUG][TestSpeechToText]: Attempting to add custom corpus using data...
]]></output>
          </test-case>
          <test-case id="0-1105" name="SpeechToText_TestAddCustomWordsUsingFile" fullname="sdk.test.TestSpeechToText.SpeechToText_TestAddCustomWordsUsingFile" methodname="SpeechToText_TestAddCustomWordsUsingFile" classname="sdk.test.TestSpeechToText" runstate="Runnable" seed="157862875" result="Passed" start-time="2016-12-16 02:38:26Z" end-time="2016-12-16 02:38:26Z" duration="0.122430" asserts="1">
            <properties>
              <property name="Order" value="9" />
            </properties>
            <output><![CDATA[[DEBUG][TestSpeechToText]: Attempting to add custom words using file...
]]></output>
          </test-case>
          <test-case id="0-1106" name="SpeechToText_TestAddCustomWordsUsingObject" fullname="sdk.test.TestSpeechToText.SpeechToText_TestAddCustomWordsUsingObject" methodname="SpeechToText_TestAddCustomWordsUsingObject" classname="sdk.test.TestSpeechToText" runstate="Runnable" seed="665414007" result="Passed" start-time="2016-12-16 02:38:26Z" end-time="2016-12-16 02:38:26Z" duration="0.108831" asserts="1">
            <properties>
              <property name="Order" value="10" />
            </properties>
            <output><![CDATA[[DEBUG][TestSpeechToText]: Attempting to add custom words using object...
]]></output>
          </test-case>
          <test-case id="0-1107" name="SpeechToText_TestGetCustomWord" fullname="sdk.test.TestSpeechToText.SpeechToText_TestGetCustomWord" methodname="SpeechToText_TestGetCustomWord" classname="sdk.test.TestSpeechToText" runstate="Runnable" seed="1189105238" result="Passed" start-time="2016-12-16 02:38:26Z" end-time="2016-12-16 02:38:26Z" duration="0.077724" asserts="1">
            <properties>
              <property name="Order" value="11" />
            </properties>
            <output><![CDATA[[DEBUG][TestSpeechToText]: Attempting to get custom word...
]]></output>
          </test-case>
          <test-case id="0-1108" name="SpeechToText_TestTrainCustomization" fullname="sdk.test.TestSpeechToText.SpeechToText_TestTrainCustomization" methodname="SpeechToText_TestTrainCustomization" classname="sdk.test.TestSpeechToText" runstate="Runnable" seed="318944415" result="Passed" start-time="2016-12-16 02:38:26Z" end-time="2016-12-16 02:38:26Z" duration="0.067282" asserts="1">
            <properties>
              <property name="Order" value="12" />
            </properties>
            <output><![CDATA[[DEBUG][TestSpeechToText]: Attempting to get train customization...
]]></output>
          </test-case>
          <test-case id="0-1109" name="SpeechToText_TestDeleteCustomCorpus" fullname="sdk.test.TestSpeechToText.SpeechToText_TestDeleteCustomCorpus" methodname="SpeechToText_TestDeleteCustomCorpus" classname="sdk.test.TestSpeechToText" runstate="Runnable" seed="1600579868" result="Passed" start-time="2016-12-16 02:38:26Z" end-time="2016-12-16 02:38:26Z" duration="0.066101" asserts="1">
            <properties>
              <property name="Order" value="13" />
            </properties>
            <output><![CDATA[[DEBUG][TestSpeechToText]: Attempting to delete custom corpus...
]]></output>
          </test-case>
          <test-case id="0-1110" name="SpeechToText_TestDeleteCustomWord" fullname="sdk.test.TestSpeechToText.SpeechToText_TestDeleteCustomWord" methodname="SpeechToText_TestDeleteCustomWord" classname="sdk.test.TestSpeechToText" runstate="Runnable" seed="1408427172" result="Passed" start-time="2016-12-16 02:38:26Z" end-time="2016-12-16 02:38:27Z" duration="0.069564" asserts="1">
            <properties>
              <property name="Order" value="14" />
            </properties>
            <output><![CDATA[[DEBUG][TestSpeechToText]: Attempting to delete custom word...
]]></output>
          </test-case>
          <test-case id="0-1111" name="SpeechToText_TestResetCustomization" fullname="sdk.test.TestSpeechToText.SpeechToText_TestResetCustomization" methodname="SpeechToText_TestResetCustomization" classname="sdk.test.TestSpeechToText" runstate="Runnable" seed="973813084" result="Passed" start-time="2016-12-16 02:38:27Z" end-time="2016-12-16 02:38:27Z" duration="0.112091" asserts="1">
            <properties>
              <property name="Order" value="15" />
            </properties>
            <output><![CDATA[[DEBUG][TestSpeechToText]: Attempting to reset customization...
]]></output>
          </test-case>
          <test-case id="0-1112" name="SpeechToText_TestDeleteCustomization" fullname="sdk.test.TestSpeechToText.SpeechToText_TestDeleteCustomization" methodname="SpeechToText_TestDeleteCustomization" classname="sdk.test.TestSpeechToText" runstate="Runnable" seed="1888819597" result="Passed" start-time="2016-12-16 02:38:27Z" end-time="2016-12-16 02:38:27Z" duration="0.074446" asserts="1">
            <properties>
              <property name="Order" value="16" />
            </properties>
            <output><![CDATA[[DEBUG][TestSpeechToText]: Attempting to delete customization...
]]></output>
          </test-case>
          <test-case id="0-1101" name="SpeechToText_TestGetCustomCorpora" fullname="sdk.test.TestSpeechToText.SpeechToText_TestGetCustomCorpora" methodname="SpeechToText_TestGetCustomCorpora" classname="sdk.test.TestSpeechToText" runstate="Runnable" seed="762135842" result="Passed" start-time="2016-12-16 02:38:27Z" end-time="2016-12-16 02:38:27Z" duration="0.208474" asserts="1">
            <output><![CDATA[[DEBUG][TestSpeechToText]: Attempting to get custom corpora...
]]></output>
          </test-case>
          <test-case id="0-1098" name="SpeechToText_TestGetCustomizations" fullname="sdk.test.TestSpeechToText.SpeechToText_TestGetCustomizations" methodname="SpeechToText_TestGetCustomizations" classname="sdk.test.TestSpeechToText" runstate="Runnable" seed="712172398" result="Passed" start-time="2016-12-16 02:38:27Z" end-time="2016-12-16 02:38:27Z" duration="0.253701" asserts="1">
            <output><![CDATA[[DEBUG][TestSpeechToText]: Attempting to get customizations...
]]></output>
          </test-case>
          <test-case id="0-1104" name="SpeechToText_TestGetCustomWords" fullname="sdk.test.TestSpeechToText.SpeechToText_TestGetCustomWords" methodname="SpeechToText_TestGetCustomWords" classname="sdk.test.TestSpeechToText" runstate="Runnable" seed="2106282832" result="Passed" start-time="2016-12-16 02:38:27Z" end-time="2016-12-16 02:38:27Z" duration="0.104841" asserts="1">
            <output><![CDATA[[DEBUG][TestSpeechToText]: Attempting to get custom words...
]]></output>
          </test-case>
          <test-case id="0-1097" name="SpeechToText_TestGetModel" fullname="sdk.test.TestSpeechToText.SpeechToText_TestGetModel" methodname="SpeechToText_TestGetModel" classname="sdk.test.TestSpeechToText" runstate="Runnable" seed="798298448" result="Passed" start-time="2016-12-16 02:38:27Z" end-time="2016-12-16 02:38:27Z" duration="0.105303" asserts="1">
            <output><![CDATA[[DEBUG][TestSpeechToText]: Attempting to get model en-US_BroadbandModel...
]]></output>
          </test-case>
          <test-case id="0-1096" name="SpeechToText_TestGetModels" fullname="sdk.test.TestSpeechToText.SpeechToText_TestGetModels" methodname="SpeechToText_TestGetModels" classname="sdk.test.TestSpeechToText" runstate="Runnable" seed="142903964" result="Passed" start-time="2016-12-16 02:38:27Z" end-time="2016-12-16 02:38:27Z" duration="0.063550" asserts="1">
            <output><![CDATA[[DEBUG][TestSpeechToText]: Attempting to get models...
]]></output>
          </test-case>
          <test-case id="0-1095" name="SpeechToText_TestRecognize" fullname="sdk.test.TestSpeechToText.SpeechToText_TestRecognize" methodname="SpeechToText_TestRecognize" classname="sdk.test.TestSpeechToText" runstate="Runnable" seed="113591121" result="Passed" start-time="2016-12-16 02:38:27Z" end-time="2016-12-16 02:38:31Z" duration="3.352650" asserts="1">
            <output><![CDATA[[DEBUG][TestSpeechToText]: Attempting to recognize speech...
[STATUS][SpeechToText]: Received Recognize Response, Elapsed Time: 0.0010028, Results: 1
]]></output>
          </test-case>
        </test-suite>
        <test-suite type="TestFixture" id="0-1113" name="TestTextToSpeech" fullname="sdk.test.TestTextToSpeech" classname="sdk.test.TestTextToSpeech" runstate="Runnable" testcasecount="14" result="Passed" start-time="2016-12-16 02:38:31Z" end-time="2016-12-16 02:38:33Z" duration="1.923140" total="14" passed="14" failed="0" inconclusive="0" skipped="0" asserts="14">
          <test-case id="0-1120" name="TextToSpeech_TestCreateCustomization" fullname="sdk.test.TestTextToSpeech.TextToSpeech_TestCreateCustomization" methodname="TextToSpeech_TestCreateCustomization" classname="sdk.test.TestTextToSpeech" runstate="Runnable" seed="35815951" result="Passed" start-time="2016-12-16 02:38:31Z" end-time="2016-12-16 02:38:31Z" duration="0.200843" asserts="1">
            <properties>
              <property name="Order" value="4" />
            </properties>
            <output><![CDATA[[DEBUG][TestTextToSpeech]: Attempting to create customization...
[DEBUG][TestTextToSpeech]: CreateCustomization() invoked: 1ec039f9-3fa3-49c7-915e-30c975d1c0ba
]]></output>
          </test-case>
          <test-case id="0-1121" name="TextToSpeech_TestGetCustomization" fullname="sdk.test.TestTextToSpeech.TextToSpeech_TestGetCustomization" methodname="TextToSpeech_TestGetCustomization" classname="sdk.test.TestTextToSpeech" runstate="Runnable" seed="1278941215" result="Passed" start-time="2016-12-16 02:38:31Z" end-time="2016-12-16 02:38:31Z" duration="0.081115" asserts="1">
            <properties>
              <property name="Order" value="5" />
            </properties>
            <output><![CDATA[[DEBUG][TestTextToSpeech]: Attempting to get customization...
]]></output>
          </test-case>
          <test-case id="0-1122" name="TextToSpeech_TestUpdateCustomization" fullname="sdk.test.TestTextToSpeech.TextToSpeech_TestUpdateCustomization" methodname="TextToSpeech_TestUpdateCustomization" classname="sdk.test.TestTextToSpeech" runstate="Runnable" seed="1859457324" result="Passed" start-time="2016-12-16 02:38:31Z" end-time="2016-12-16 02:38:31Z" duration="0.345116" asserts="1">
            <properties>
              <property name="Order" value="6" />
            </properties>
            <output><![CDATA[[DEBUG][TestTextToSpeech]: Attempting to update customization...
]]></output>
          </test-case>
          <test-case id="0-1123" name="TextToSpeech_TestGetCustomizationWords" fullname="sdk.test.TestTextToSpeech.TextToSpeech_TestGetCustomizationWords" methodname="TextToSpeech_TestGetCustomizationWords" classname="sdk.test.TestTextToSpeech" runstate="Runnable" seed="96309732" result="Passed" start-time="2016-12-16 02:38:31Z" end-time="2016-12-16 02:38:32Z" duration="0.123979" asserts="1">
            <properties>
              <property name="Order" value="7" />
            </properties>
            <output><![CDATA[[DEBUG][TestTextToSpeech]: Attempting to get customization words...
]]></output>
          </test-case>
          <test-case id="0-1124" name="TextToSpeech_TestAddCustomizationWords" fullname="sdk.test.TestTextToSpeech.TextToSpeech_TestAddCustomizationWords" methodname="TextToSpeech_TestAddCustomizationWords" classname="sdk.test.TestTextToSpeech" runstate="Runnable" seed="945950383" result="Passed" start-time="2016-12-16 02:38:32Z" end-time="2016-12-16 02:38:32Z" duration="0.251594" asserts="1">
            <properties>
              <property name="Order" value="8" />
            </properties>
            <output><![CDATA[[DEBUG][TestTextToSpeech]: Attempting to get add customization words...
]]></output>
          </test-case>
          <test-case id="0-1125" name="TextToSpeech_TestGetCustomizationWord" fullname="sdk.test.TestTextToSpeech.TextToSpeech_TestGetCustomizationWord" methodname="TextToSpeech_TestGetCustomizationWord" classname="sdk.test.TestTextToSpeech" runstate="Runnable" seed="677776199" result="Passed" start-time="2016-12-16 02:38:32Z" end-time="2016-12-16 02:38:32Z" duration="0.068118" asserts="1">
            <properties>
              <property name="Order" value="9" />
            </properties>
            <output><![CDATA[[DEBUG][TestTextToSpeech]: Attempting to get customization word...
]]></output>
          </test-case>
          <test-case id="0-1126" name="TextToSpeech_TestDeleteCustomizationWord" fullname="sdk.test.TestTextToSpeech.TextToSpeech_TestDeleteCustomizationWord" methodname="TextToSpeech_TestDeleteCustomizationWord" classname="sdk.test.TestTextToSpeech" runstate="Runnable" seed="2141063751" result="Passed" start-time="2016-12-16 02:38:32Z" end-time="2016-12-16 02:38:32Z" duration="0.149799" asserts="1">
            <properties>
              <property name="Order" value="10" />
            </properties>
            <output><![CDATA[[DEBUG][TestTextToSpeech]: Attempting to delete customization word...
]]></output>
          </test-case>
          <test-case id="0-1127" name="TextToSpeech_TestDeleteCustomizations" fullname="sdk.test.TestTextToSpeech.TextToSpeech_TestDeleteCustomizations" methodname="TextToSpeech_TestDeleteCustomizations" classname="sdk.test.TestTextToSpeech" runstate="Runnable" seed="691203827" result="Passed" start-time="2016-12-16 02:38:32Z" end-time="2016-12-16 02:38:32Z" duration="0.130174" asserts="1">
            <properties>
              <property name="Order" value="11" />
            </properties>
            <output><![CDATA[[DEBUG][TestTextToSpeech]: Attempting to delete customization...
]]></output>
          </test-case>
          <test-case id="0-1114" name="TextToSpeech_TestGet" fullname="sdk.test.TestTextToSpeech.TextToSpeech_TestGet" methodname="TextToSpeech_TestGet" classname="sdk.test.TestTextToSpeech" runstate="Runnable" seed="551046838" result="Passed" start-time="2016-12-16 02:38:32Z" end-time="2016-12-16 02:38:32Z" duration="0.068025" asserts="1">
            <output><![CDATA[[DEBUG][TestTextToSpeech]: Attempting to speech using GET...
[DEBUG][TextToSpeech]: WAV INFO, channels = 1, bps = 16, samples = 42177, rate = 22050
]]></output>
          </test-case>
          <test-case id="0-1119" name="TextToSpeech_TestGetCustomizations" fullname="sdk.test.TestTextToSpeech.TextToSpeech_TestGetCustomizations" methodname="TextToSpeech_TestGetCustomizations" classname="sdk.test.TestTextToSpeech" runstate="Runnable" seed="455746069" result="Passed" start-time="2016-12-16 02:38:32Z" end-time="2016-12-16 02:38:32Z" duration="0.138418" asserts="1">
            <output><![CDATA[[DEBUG][TestTextToSpeech]: Attempting to get customizations...
]]></output>
          </test-case>
          <test-case id="0-1118" name="TextToSpeech_TestGetPronunciation" fullname="sdk.test.TestTextToSpeech.TextToSpeech_TestGetPronunciation" methodname="TextToSpeech_TestGetPronunciation" classname="sdk.test.TestTextToSpeech" runstate="Runnable" seed="724232504" result="Passed" start-time="2016-12-16 02:38:32Z" end-time="2016-12-16 02:38:33Z" duration="0.073559" asserts="1">
            <output><![CDATA[[DEBUG][TestTextToSpeech]: Attempting to get pronunciation...
[DEBUG][TestTextToSpeech]: GetPronunciation() invoked: .
]]></output>
          </test-case>
          <test-case id="0-1117" name="TextToSpeech_TestGetVoice" fullname="sdk.test.TestTextToSpeech.TextToSpeech_TestGetVoice" methodname="TextToSpeech_TestGetVoice" classname="sdk.test.TestTextToSpeech" runstate="Runnable" seed="1165797585" result="Passed" start-time="2016-12-16 02:38:33Z" end-time="2016-12-16 02:38:33Z" duration="0.113727" asserts="1">
            <output><![CDATA[[DEBUG][TestTextToSpeech]: Attempting to get voice...
[DEBUG][TestTextToSpeech]: GetVoice() invoked: en-US_AllisonVoice
]]></output>
          </test-case>
          <test-case id="0-1116" name="TextToSpeech_TestGetVoices" fullname="sdk.test.TestTextToSpeech.TextToSpeech_TestGetVoices" methodname="TextToSpeech_TestGetVoices" classname="sdk.test.TestTextToSpeech" runstate="Runnable" seed="988456698" result="Passed" start-time="2016-12-16 02:38:33Z" end-time="2016-12-16 02:38:33Z" duration="0.063731" asserts="1">
            <output><![CDATA[[DEBUG][TestTextToSpeech]: Attempting to get voices...
]]></output>
          </test-case>
          <test-case id="0-1115" name="TextToSpeech_TestPost" fullname="sdk.test.TestTextToSpeech.TextToSpeech_TestPost" methodname="TextToSpeech_TestPost" classname="sdk.test.TestTextToSpeech" runstate="Runnable" seed="1196249756" result="Passed" start-time="2016-12-16 02:38:33Z" end-time="2016-12-16 02:38:33Z" duration="0.057383" asserts="1">
            <output><![CDATA[[DEBUG][TestTextToSpeech]: Attempting to speech using POST...
[DEBUG][TextToSpeech]: WAV INFO, channels = 1, bps = 16, samples = 43993, rate = 22050
]]></output>
          </test-case>
        </test-suite>
        <test-suite type="TestFixture" id="0-1128" name="TestToneAnalyzer" fullname="sdk.test.TestToneAnalyzer" classname="sdk.test.TestToneAnalyzer" runstate="Runnable" testcasecount="2" result="Passed" start-time="2016-12-16 02:38:33Z" end-time="2016-12-16 02:38:33Z" duration="0.172441" total="2" passed="2" failed="0" inconclusive="0" skipped="0" asserts="2">
          <test-case id="0-1129" name="ToneAnalyzer_TestToneGET" fullname="sdk.test.TestToneAnalyzer.ToneAnalyzer_TestToneGET" methodname="ToneAnalyzer_TestToneGET" classname="sdk.test.TestToneAnalyzer" runstate="Runnable" seed="91925678" result="Passed" start-time="2016-12-16 02:38:33Z" end-time="2016-12-16 02:38:33Z" duration="0.047840" asserts="1">
            <output><![CDATA[[DEBUG][TestToneAnalyzer]: Attempting to get tone using GET...
]]></output>
          </test-case>
          <test-case id="0-1130" name="ToneAnalyzer_TestTonePOST" fullname="sdk.test.TestToneAnalyzer.ToneAnalyzer_TestTonePOST" methodname="ToneAnalyzer_TestTonePOST" classname="sdk.test.TestToneAnalyzer" runstate="Runnable" seed="2122506767" result="Passed" start-time="2016-12-16 02:38:33Z" end-time="2016-12-16 02:38:33Z" duration="0.117668" asserts="1">
            <output><![CDATA[[DEBUG][TestToneAnalyzer]: Attempting to get tone using POST...
]]></output>
          </test-case>
        </test-suite>
        <test-suite type="TestFixture" id="0-1131" name="TestTradeoffAnalytics" fullname="sdk.test.TestTradeoffAnalytics" classname="sdk.test.TestTradeoffAnalytics" runstate="Runnable" testcasecount="1" result="Passed" start-time="2016-12-16 02:38:33Z" end-time="2016-12-16 02:38:33Z" duration="0.180489" total="1" passed="1" failed="0" inconclusive="0" skipped="0" asserts="1">
          <test-case id="0-1132" name="TradeoffAnalytics_TestDilemmas" fullname="sdk.test.TestTradeoffAnalytics.TradeoffAnalytics_TestDilemmas" methodname="TradeoffAnalytics_TestDilemmas" classname="sdk.test.TestTradeoffAnalytics" runstate="Runnable" seed="1718830423" result="Passed" start-time="2016-12-16 02:38:33Z" end-time="2016-12-16 02:38:33Z" duration="0.176850" asserts="1">
            <output><![CDATA[[DEBUG][TestTradeoffAnalytics]: Attempting to get solution to dilemma...
[STATUS][GetDilemma]: JSON: {"columns":[{"key":"price","type":"numeric","description":"Price Column to minimize","format":"$####0.00","full_name":"Price","goal":"min","insignificant_loss":0,"is_objective":true,"preference":null,"range":{"low":0.0,"high":600.0,"$type":"IBM.Watson.DeveloperCloud.Services.TradeoffAnalytics.v1.ValueRange"},"significant_gain":0,"significant_loss":0},{"key":"weight","type":"numeric","description":"Weight Column to minimize","format":"####0 g","full_name":"Weight","goal":"min","insignificant_loss":0,"is_objective":true,"preference":null,"range":null,"significant_gain":0,"significant_loss":0}],"options":[{"app_data":null,"description_html":null,"key":"1","name":"Samsung Galaxy S4","values":{"price":249.0,"weight":130.0,"brand":"Samsung","$type":"sdk.test.TestDataValue"}},{"app_data":null,"description_html":null,"key":"2","name":"Apple iPhone 5","values":{"price":599.0,"weight":112.0,"brand":"Apple","$type":"sdk.test.TestDataValue"}},{"app_data":null,"description_html":null,"key":"3","name":"HTC One","values":{"price":299.0,"weight":143.0,"brand":"HTC","$type":"sdk.test.TestDataValue"}}],"subject":"Test Subject"}
]]></output>
          </test-case>
        </test-suite>
        <test-suite type="TestFixture" id="0-1133" name="TestVisualRecognition" fullname="sdk.test.TestVisualRecognition" classname="sdk.test.TestVisualRecognition" runstate="Runnable" testcasecount="23" result="Passed" start-time="2016-12-16 02:38:33Z" end-time="2016-12-16 02:39:12Z" duration="38.533269" total="23" passed="23" failed="0" inconclusive="0" skipped="0" asserts="23">
          <test-case id="0-1135" name="VisualRecognition_TestTrainClassifier" fullname="sdk.test.TestVisualRecognition.VisualRecognition_TestTrainClassifier" methodname="VisualRecognition_TestTrainClassifier" classname="sdk.test.TestVisualRecognition" runstate="Runnable" seed="372200786" result="Passed" start-time="2016-12-16 02:38:33Z" end-time="2016-12-16 02:38:41Z" duration="7.577970" asserts="1">
            <properties>
              <property name="Order" value="1" />
            </properties>
            <output><![CDATA[[DEBUG][TestVisualRecognition]: Attempting to train classifier...
]]></output>
          </test-case>
          <test-case id="0-1134" name="VisualRecognition_TestGetClassifiers" fullname="sdk.test.TestVisualRecognition.VisualRecognition_TestGetClassifiers" methodname="VisualRecognition_TestGetClassifiers" classname="sdk.test.TestVisualRecognition" runstate="Runnable" seed="294332300" result="Passed" start-time="2016-12-16 02:38:41Z" end-time="2016-12-16 02:38:42Z" duration="1.008199" asserts="1">
            <properties>
              <property name="Order" value="2" />
            </properties>
            <output><![CDATA[[DEBUG][TestVisualRecognition]: Attempting to get classifiers...
[DEBUG][TestVisualRecognition]: 20 classifiers found.
]]></output>
          </test-case>
          <test-case id="0-1136" name="VisualRecognition_TestFindClassifier" fullname="sdk.test.TestVisualRecognition.VisualRecognition_TestFindClassifier" methodname="VisualRecognition_TestFindClassifier" classname="sdk.test.TestVisualRecognition" runstate="Runnable" seed="501109147" result="Passed" start-time="2016-12-16 02:38:42Z" end-time="2016-12-16 02:38:43Z" duration="1.124579" asserts="1">
            <properties>
              <property name="Order" value="3" />
            </properties>
            <output><![CDATA[[DEBUG][TestVisualRecognition]: Attempting to find classifier dotnet-integration-test-classifier...
]]></output>
          </test-case>
          <test-case id="0-1137" name="VisualRecognition_TestGetClassifier" fullname="sdk.test.TestVisualRecognition.VisualRecognition_TestGetClassifier" methodname="VisualRecognition_TestGetClassifier" classname="sdk.test.TestVisualRecognition" runstate="Runnable" seed="1562536474" result="Passed" start-time="2016-12-16 02:38:43Z" end-time="2016-12-16 02:38:43Z" duration="0.426461" asserts="1">
            <properties>
              <property name="Order" value="4" />
            </properties>
            <output><![CDATA[[DEBUG][TestVisualRecognition]: Attempting to get classifier...
]]></output>
          </test-case>
          <test-case id="0-1138" name="VisualRecognition_TestUpdateClassifier" fullname="sdk.test.TestVisualRecognition.VisualRecognition_TestUpdateClassifier" methodname="VisualRecognition_TestUpdateClassifier" classname="sdk.test.TestVisualRecognition" runstate="Runnable" seed="858710775" result="Passed" start-time="2016-12-16 02:38:43Z" end-time="2016-12-16 02:38:47Z" duration="4.041930" asserts="1">
            <properties>
              <property name="Order" value="5" />
            </properties>
            <output><![CDATA[[DEBUG][TestVisualRecognition]: Attempting to update classifier...
]]></output>
          </test-case>
          <test-case id="0-1139" name="VisualRecognition_TestClassifyGET" fullname="sdk.test.TestVisualRecognition.VisualRecognition_TestClassifyGET" methodname="VisualRecognition_TestClassifyGET" classname="sdk.test.TestVisualRecognition" runstate="Runnable" seed="1563979600" result="Passed" start-time="2016-12-16 02:38:47Z" end-time="2016-12-16 02:38:49Z" duration="2.095047" asserts="1">
            <properties>
              <property name="Order" value="6" />
            </properties>
            <output><![CDATA[[DEBUG][TestVisualRecognition]: Attempting to classify using GET...
]]></output>
          </test-case>
          <test-case id="0-1140" name="VisualRecognition_TestClassifyPOST" fullname="sdk.test.TestVisualRecognition.VisualRecognition_TestClassifyPOST" methodname="VisualRecognition_TestClassifyPOST" classname="sdk.test.TestVisualRecognition" runstate="Runnable" seed="383039162" result="Passed" start-time="2016-12-16 02:38:49Z" end-time="2016-12-16 02:38:53Z" duration="3.398961" asserts="1">
            <properties>
              <property name="Order" value="7" />
            </properties>
            <output><![CDATA[[DEBUG][TestVisualRecognition]: Attempting to classify using POST...
]]></output>
          </test-case>
          <test-case id="0-1141" name="VisualRecognition_TestDetectFacesGET" fullname="sdk.test.TestVisualRecognition.VisualRecognition_TestDetectFacesGET" methodname="VisualRecognition_TestDetectFacesGET" classname="sdk.test.TestVisualRecognition" runstate="Runnable" seed="418839069" result="Passed" start-time="2016-12-16 02:38:53Z" end-time="2016-12-16 02:38:57Z" duration="3.830181" asserts="1">
            <properties>
              <property name="Order" value="8" />
            </properties>
            <output><![CDATA[[DEBUG][TestVisualRecognition]: Attempting to detect faces using GET...
]]></output>
          </test-case>
          <test-case id="0-1142" name="VisualRecognition_TestDetectFacesPOST" fullname="sdk.test.TestVisualRecognition.VisualRecognition_TestDetectFacesPOST" methodname="VisualRecognition_TestDetectFacesPOST" classname="sdk.test.TestVisualRecognition" runstate="Runnable" seed="1122966202" result="Passed" start-time="2016-12-16 02:38:57Z" end-time="2016-12-16 02:38:59Z" duration="1.898400" asserts="1">
            <properties>
              <property name="Order" value="9" />
            </properties>
            <output><![CDATA[[DEBUG][TestVisualRecognition]: Attempting to detect faces using POST...
]]></output>
          </test-case>
          <test-case id="0-1143" name="VisualRecognition_TestRecognizeTextGET" fullname="sdk.test.TestVisualRecognition.VisualRecognition_TestRecognizeTextGET" methodname="VisualRecognition_TestRecognizeTextGET" classname="sdk.test.TestVisualRecognition" runstate="Runnable" seed="1137633256" result="Passed" start-time="2016-12-16 02:38:59Z" end-time="2016-12-16 02:39:01Z" duration="1.974825" asserts="1">
            <properties>
              <property name="Order" value="10" />
            </properties>
            <output><![CDATA[[DEBUG][TestVisualRecognition]: Attempting to recognize text using GET...
]]></output>
          </test-case>
          <test-case id="0-1144" name="VisualRecognition_TestRecognizeTextPOST" fullname="sdk.test.TestVisualRecognition.VisualRecognition_TestRecognizeTextPOST" methodname="VisualRecognition_TestRecognizeTextPOST" classname="sdk.test.TestVisualRecognition" runstate="Runnable" seed="466923759" result="Passed" start-time="2016-12-16 02:39:01Z" end-time="2016-12-16 02:39:07Z" duration="6.567026" asserts="1">
            <properties>
              <property name="Order" value="11" />
            </properties>
            <output><![CDATA[[DEBUG][TestVisualRecognition]: Attempting to recognize text using POST...
]]></output>
          </test-case>
          <test-case id="0-1145" name="VisualRecognition_TestGetCollections" fullname="sdk.test.TestVisualRecognition.VisualRecognition_TestGetCollections" methodname="VisualRecognition_TestGetCollections" classname="sdk.test.TestVisualRecognition" runstate="Runnable" seed="1022373662" result="Passed" start-time="2016-12-16 02:39:07Z" end-time="2016-12-16 02:39:07Z" duration="0.099663" asserts="1">
            <properties>
              <property name="Order" value="12" />
            </properties>
            <output><![CDATA[[DEBUG][TestVisualRecognition]: Attempting to get collections...
]]></output>
          </test-case>
          <test-case id="0-1146" name="VisualRecognition_TestCreateCollection" fullname="sdk.test.TestVisualRecognition.VisualRecognition_TestCreateCollection" methodname="VisualRecognition_TestCreateCollection" classname="sdk.test.TestVisualRecognition" runstate="Runnable" seed="1250214369" result="Passed" start-time="2016-12-16 02:39:07Z" end-time="2016-12-16 02:39:07Z" duration="0.191522" asserts="1">
            <properties>
              <property name="Order" value="13" />
            </properties>
            <output><![CDATA[[DEBUG][TestVisualRecognition]: Attempting to create collection...
]]></output>
          </test-case>
          <test-case id="0-1147" name="VisualRecognition_TestGetCollection" fullname="sdk.test.TestVisualRecognition.VisualRecognition_TestGetCollection" methodname="VisualRecognition_TestGetCollection" classname="sdk.test.TestVisualRecognition" runstate="Runnable" seed="692499786" result="Passed" start-time="2016-12-16 02:39:07Z" end-time="2016-12-16 02:39:08Z" duration="0.386129" asserts="1">
            <properties>
              <property name="Order" value="14" />
            </properties>
            <output><![CDATA[[DEBUG][TestVisualRecognition]: Attempting to get collection...
]]></output>
          </test-case>
          <test-case id="0-1148" name="VisualRecognition_TestGetCollectionImages" fullname="sdk.test.TestVisualRecognition.VisualRecognition_TestGetCollectionImages" methodname="VisualRecognition_TestGetCollectionImages" classname="sdk.test.TestVisualRecognition" runstate="Runnable" seed="2002767003" result="Passed" start-time="2016-12-16 02:39:08Z" end-time="2016-12-16 02:39:08Z" duration="0.316367" asserts="1">
            <properties>
              <property name="Order" value="15" />
            </properties>
            <output><![CDATA[[DEBUG][TestVisualRecognition]: Attempting to get collection images...
]]></output>
          </test-case>
          <test-case id="0-1149" name="VisualRecognition_TestAddCollectionImage" fullname="sdk.test.TestVisualRecognition.VisualRecognition_TestAddCollectionImage" methodname="VisualRecognition_TestAddCollectionImage" classname="sdk.test.TestVisualRecognition" runstate="Runnable" seed="320609337" result="Passed" start-time="2016-12-16 02:39:08Z" end-time="2016-12-16 02:39:09Z" duration="1.120286" asserts="1">
            <properties>
              <property name="Order" value="16" />
            </properties>
            <output><![CDATA[[DEBUG][TestVisualRecognition]: Attempting to add collection image...
]]></output>
          </test-case>
          <test-case id="0-1150" name="VisualRecognition_TestGetImage" fullname="sdk.test.TestVisualRecognition.VisualRecognition_TestGetImage" methodname="VisualRecognition_TestGetImage" classname="sdk.test.TestVisualRecognition" runstate="Runnable" seed="276806585" result="Passed" start-time="2016-12-16 02:39:09Z" end-time="2016-12-16 02:39:10Z" duration="0.351950" asserts="1">
            <properties>
              <property name="Order" value="17" />
            </properties>
            <output><![CDATA[[DEBUG][TestVisualRecognition]: Attempting to get image details...
]]></output>
          </test-case>
          <test-case id="0-1151" name="VisualRecognition_TestGetMetadata" fullname="sdk.test.TestVisualRecognition.VisualRecognition_TestGetMetadata" methodname="VisualRecognition_TestGetMetadata" classname="sdk.test.TestVisualRecognition" runstate="Runnable" seed="2070407793" result="Passed" start-time="2016-12-16 02:39:10Z" end-time="2016-12-16 02:39:10Z" duration="0.081452" asserts="1">
            <properties>
              <property name="Order" value="18" />
            </properties>
            <output><![CDATA[[DEBUG][TestVisualRecognition]: Attempting to get metadata...
]]></output>
          </test-case>
          <test-case id="0-1152" name="VisualRecognition_TestFindSimilar" fullname="sdk.test.TestVisualRecognition.VisualRecognition_TestFindSimilar" methodname="VisualRecognition_TestFindSimilar" classname="sdk.test.TestVisualRecognition" runstate="Runnable" seed="1053665075" result="Passed" start-time="2016-12-16 02:39:10Z" end-time="2016-12-16 02:39:10Z" duration="0.725972" asserts="1">
            <properties>
              <property name="Order" value="19" />
            </properties>
            <output><![CDATA[[DEBUG][TestVisualRecognition]: Attempting to FindSimilar...
]]></output>
          </test-case>
          <test-case id="0-1153" name="VisualRecognition_TestDeleteImageMetadata" fullname="sdk.test.TestVisualRecognition.VisualRecognition_TestDeleteImageMetadata" methodname="VisualRecognition_TestDeleteImageMetadata" classname="sdk.test.TestVisualRecognition" runstate="Runnable" seed="376862301" result="Passed" start-time="2016-12-16 02:39:10Z" end-time="2016-12-16 02:39:11Z" duration="0.375864" asserts="1">
            <properties>
              <property name="Order" value="20" />
            </properties>
            <output><![CDATA[[DEBUG][TestVisualRecognition]: Attempting to delete image metadata...
]]></output>
          </test-case>
          <test-case id="0-1154" name="VisualRecognition_TestDeleteCollectionImage" fullname="sdk.test.TestVisualRecognition.VisualRecognition_TestDeleteCollectionImage" methodname="VisualRecognition_TestDeleteCollectionImage" classname="sdk.test.TestVisualRecognition" runstate="Runnable" seed="1857860084" result="Passed" start-time="2016-12-16 02:39:11Z" end-time="2016-12-16 02:39:11Z" duration="0.080661" asserts="1">
            <properties>
              <property name="Order" value="21" />
            </properties>
            <output><![CDATA[[DEBUG][TestVisualRecognition]: Attempting to delte an image from collection...
]]></output>
          </test-case>
          <test-case id="0-1155" name="VisualRecognition_TestDeleteCollection" fullname="sdk.test.TestVisualRecognition.VisualRecognition_TestDeleteCollection" methodname="VisualRecognition_TestDeleteCollection" classname="sdk.test.TestVisualRecognition" runstate="Runnable" seed="74947825" result="Passed" start-time="2016-12-16 02:39:11Z" end-time="2016-12-16 02:39:11Z" duration="0.075497" asserts="1">
            <properties>
              <property name="Order" value="22" />
            </properties>
            <output><![CDATA[[DEBUG][TestVisualRecognition]: Attempting to delete collection...
]]></output>
          </test-case>
          <test-case id="0-1156" name="VisualRecognition_TestDeleteClassifier" fullname="sdk.test.TestVisualRecognition.VisualRecognition_TestDeleteClassifier" methodname="VisualRecognition_TestDeleteClassifier" classname="sdk.test.TestVisualRecognition" runstate="Runnable" seed="827096932" result="Passed" start-time="2016-12-16 02:39:11Z" end-time="2016-12-16 02:39:12Z" duration="0.695542" asserts="1">
            <properties>
              <property name="Order" value="23" />
            </properties>
            <output><![CDATA[[DEBUG][TestVisualRecognition]: Attempting to delete classifier dotnetintegrationtestclassifier_354295316...
[DEBUG][VisualRecognition]: Attempting to delete classifier dotnetintegrationtestclassifier_354295316
]]></output>
          </test-case>
        </test-suite>
      </test-suite>
    </test-suite>
  </test-suite>
</test-run>